2025-10-21 14:12:38,287 - INFO - [CVAT_TRACKING] Logging initialized. Log file: /home/scblum/Projects/testbed_cv/cvat_aa/cvat_tracking.log
2025-10-21 14:12:38,287 - INFO - Logger initialized successfully
=== CVAT Tracking Log Started ===
2025-10-21 14:12:38,388 - INFO - Fetching task 32...
2025-10-21 14:12:38,435 - INFO - Task 32 has been updated on the server since it was cached; purging the cache
2025-10-21 14:12:38,490 - INFO - Fetching labels...
2025-10-21 14:12:38,534 - INFO - Downloading data metadata...
2025-10-21 14:12:38,589 - INFO - Downloaded data metadata
2025-10-21 14:12:38,593 - INFO - Downloading chunks...
2025-10-21 14:12:38,594 - INFO - Downloading chunk #0...
2025-10-21 14:12:38,594 - INFO - Downloading chunk #1...
2025-10-21 14:12:38,595 - INFO - Downloading chunk #2...
2025-10-21 14:12:38,596 - INFO - Downloading chunk #3...
2025-10-21 14:12:38,685 - INFO - Downloading chunk #4...
2025-10-21 14:12:38,742 - INFO - Downloading chunk #5...
2025-10-21 14:12:38,750 - INFO - Downloading chunk #6...
2025-10-21 14:12:38,754 - INFO - Downloading chunk #7...
2025-10-21 14:12:38,796 - INFO - Downloading chunk #8...
2025-10-21 14:12:38,886 - INFO - All chunks downloaded
2025-10-21 14:13:49,763 - INFO - [CVAT_TRACKING] Logging initialized. Log file: /home/scblum/Projects/testbed_cv/cvat_aa/cvat_tracking.log
2025-10-21 14:13:49,763 - INFO - Logger initialized successfully
=== CVAT Tracking Log Started ===
2025-10-21 14:13:49,874 - INFO - Fetching task 32...
2025-10-21 14:13:49,938 - INFO - Fetching labels...
2025-10-21 14:13:49,983 - INFO - Loaded data metadata from cache
2025-10-21 14:13:49,983 - INFO - Downloading chunks...
2025-10-21 14:13:49,985 - INFO - All chunks downloaded
2025-10-21 14:13:49,996 - INFO - [CVAT_TRACKING] detect function called
2025-10-21 14:13:49,996 - INFO - Running detection with tracking
2025-10-21 14:13:50,529 - INFO - [CVAT_TRACKING] Found 13 detections, 12 tracked detections
2025-10-21 14:14:25,917 - INFO - [CVAT_TRACKING] Logging initialized. Log file: /home/scblum/Projects/testbed_cv/cvat_aa/cvat_tracking.log
2025-10-21 14:14:25,917 - INFO - Logger initialized successfully
=== CVAT Tracking Log Started ===
2025-10-21 14:14:26,048 - INFO - Fetching task 32...
2025-10-21 14:14:26,118 - INFO - Fetching labels...
2025-10-21 14:14:26,162 - INFO - Loaded data metadata from cache
2025-10-21 14:14:26,162 - INFO - Downloading chunks...
2025-10-21 14:14:26,164 - INFO - All chunks downloaded
2025-10-21 14:14:26,178 - INFO - [CVAT_TRACKING] detect function called
2025-10-21 14:14:26,178 - INFO - Running detection with tracking
2025-10-21 14:14:26,689 - INFO - [CVAT_TRACKING] Found 13 detections, 12 tracked detections
2025-10-21 14:15:06,450 - INFO - [CVAT_TRACKING] Logging initialized. Log file: /home/scblum/Projects/testbed_cv/cvat_aa/cvat_tracking.log
2025-10-21 14:15:06,451 - INFO - Logger initialized successfully
=== CVAT Tracking Log Started ===
2025-10-21 14:15:06,549 - INFO - Fetching task 32...
2025-10-21 14:15:06,636 - INFO - Fetching labels...
2025-10-21 14:15:06,683 - INFO - Loaded data metadata from cache
2025-10-21 14:15:06,683 - INFO - Downloading chunks...
2025-10-21 14:15:06,685 - INFO - All chunks downloaded
2025-10-21 14:18:08,833 - INFO - [CVAT_TRACKING] Logging initialized. Log file: /home/scblum/Projects/testbed_cv/cvat_aa/cvat_tracking.log
2025-10-21 14:18:08,833 - INFO - Logger initialized successfully
=== CVAT Tracking Log Started ===
2025-10-21 14:18:33,106 - INFO - [CVAT_TRACKING] Logging initialized. Log file: /home/scblum/Projects/testbed_cv/cvat_aa/cvat_tracking.log
2025-10-21 14:18:33,106 - INFO - Logger initialized successfully
=== CVAT Tracking Log Started ===
2025-10-21 14:18:33,221 - CRITICAL - Status Code: 404
Reason: Not Found
HTTP response headers: HTTPHeaderDict({'Content-Length': '179', 'Content-Type': 'text/html; charset=utf-8', 'Cross-Origin-Opener-Policy': 'same-origin', 'Date': 'Tue, 21 Oct 2025 18:18:33 GMT', 'Referrer-Policy': 'strict-origin-when-cross-origin', 'Server': 'nginx', 'Vary': 'Origin, Cookie', 'X-Content-Type-Options': 'nosniff', 'X-Frame-Options': 'DENY', 'X-Request-Id': '7cdefe44-fde8-407c-a15b-8afb8cf640e7'})
HTTP response body: 
<!doctype html>
<html lang="en">
<head>
  <title>Not Found</title>
</head>
<body>
  <h1>Not Found</h1><p>The requested resource was not found on this server.</p>
</body>
</html>


